Fri Nov 03 2017:PATCH/users/59fab44ee3785116809f1522
Fri Nov 03 2017:GET/posts
Fri Nov 03 2017:GET/posts
Fri Nov 03 2017:POST/post
Fri Nov 03 2017:POST/post
Fri Nov 03 2017:POST/posts
Fri Nov 03 2017:POST/posts
Fri Nov 03 2017:POST/posts
Fri Nov 03 2017:POST/posts
Fri Nov 03 2017:GET/posts
Fri Nov 03 2017:GET/posts
Fri Nov 03 2017:GET/posts
Fri Nov 03 2017:GET/posts
Fri Nov 03 2017:GET/posts
Fri Nov 03 2017:GET/post
Fri Nov 03 2017:GET/posts
Fri Nov 03 2017:GET/posts
Mon Nov 06 2017:POST/users
Mon Nov 06 2017:POST/users
Mon Nov 06 2017:POST/users
Mon Nov 06 2017:POST/users
Mon Nov 06 2017:POST/users
Mon Nov 06 2017:POST/users
Mon Nov 06 2017:POST/users
Mon Nov 06 2017:POST/users/login
Mon Nov 06 2017:POST/users/login
Mon Nov 06 2017:POST/users/login
Mon Nov 06 2017:POST/users/login
Mon Nov 06 2017:POST/users/login
Mon Nov 06 2017:POST/users/login
Mon Nov 06 2017:POST/users/login
Mon Nov 06 2017:POST/users/login
Mon Nov 06 2017:POST/users/login
Mon Nov 06 2017:POST/users/login
Mon Nov 06 2017:POST/users/login
Mon Nov 06 2017:POST/users
Mon Nov 06 2017:POST/users
Mon Nov 06 2017:POST/users/login
Mon Nov 06 2017:GET/profile
Mon Nov 06 2017:GET/profile
Mon Nov 06 2017:GET/user/logout
Mon Nov 06 2017:GET/users/logout
Mon Nov 06 2017:DELETE/user/logout
Mon Nov 06 2017:DELETE/user/logout
Mon Nov 06 2017:POST/updateProfile
Mon Nov 06 2017:PATCH/updateProfile
Mon Nov 06 2017:PATCH/updateProfile
Mon Nov 06 2017:POST/users/login
Mon Nov 06 2017:PATCH/updateProfile
Mon Nov 06 2017:DELETE/user/logout
Mon Nov 06 2017:PATCH/updateProfile
Mon Nov 06 2017:DELETE/user/logout
Tue Nov 14 2017:POST/users/login
Tue Nov 14 2017:POST/users/login
Tue Nov 14 2017:POST/users/login
Tue Nov 14 2017:POST/users/login
Tue Nov 14 2017:POST/posts
Tue Nov 14 2017:POST/posts
Tue Nov 14 2017:POST/posts
Tue Nov 14 2017:POST/posts
Tue Nov 14 2017:GET/posts
Tue Nov 14 2017:GET/posts/5a0abcb02aa34f1ad8b9003a
Tue Nov 14 2017:GET/post/5a0abcb02aa34f1ad8b9003a
Tue Nov 14 2017:GET/posts/5a0abcb02aa34f1ad8b9003a
Tue Nov 14 2017:GET/posts/5a0abcdcea508a1a087fe268
Tue Nov 14 2017:GET/posts/5a0abcdcea508a1a087fe268
Tue Nov 14 2017:PATCH/posts/5a0abcdcea508a1a087fe268
Tue Nov 14 2017:PATCH/posts/5a0abcdcea508a1a087fe268
Tue Nov 14 2017:PATCH/posts/5a0abcdcea508a1a087fe268
Tue Nov 14 2017:DELETE/posts/5a0abcdcea508a1a087fe268
Tue Nov 14 2017:GET/posts/5a0abcdcea508a1a087fe268
Tue Nov 14 2017:GET/posts
Tue Nov 14 2017:GET/posts
Tue Nov 14 2017:POST/posts
Tue Nov 14 2017:GET/posts
Tue Nov 14 2017:GET/posts
Tue Nov 14 2017:GET/posts
Tue Nov 14 2017:GET/posts
Tue Nov 14 2017:GET/posts
Tue Nov 14 2017:POST/posts
Tue Nov 14 2017:GET/posts
Tue Nov 14 2017:GET/posts
Tue Nov 14 2017:GET/posts
Tue Nov 14 2017:GET/posts
Tue Nov 14 2017:GET/posts
Tue Nov 14 2017:GET/posts
Tue Nov 14 2017:PATCH/users
Tue Nov 14 2017:PATCH/updateProfile
Tue Nov 14 2017:PATCH/updateProfile
Tue Nov 14 2017:PATCH/updateProfile
Tue Nov 14 2017:PATCH/updateProfile
Tue Nov 14 2017:PATCH/updateProfile
Tue Nov 14 2017:PATCH/updateProfile
Tue Nov 14 2017:PATCH/updateProfile
